<?xml version="1.0" encoding="UTF-8"?>
<!-- Generated by org.testng.reporters.JUnitReportReporter -->
<testsuite skipped="0" hostname="Adwaith" name="NewTest" tests="1" failures="0" timestamp="19 Feb 2018 13:13:08 GMT" time="8.650" errors="0">
  <testcase name="testEasy" time="8.650" classname="NewTest"/>
</testsuite> <!-- NewTest -->
